<?xml version="1.0" encoding="UTF-8"?>
<testng-results skipped="0" failed="0" ignored="0" total="1" passed="1">
  <reporter-output>
  </reporter-output>
  <suite name="Default suite" duration-ms="19844" started-at="2023-08-23T12:52:05Z" finished-at="2023-08-23T12:52:25Z">
    <groups>
    </groups>
    <test name="Default test" duration-ms="19844" started-at="2023-08-23T12:52:05Z" finished-at="2023-08-23T12:52:25Z">
      <class name="seleniumwebdriver.Topic_05_Default_Dropdown">
        <test-method status="PASS" signature="beforeClass()[pri:0, instance:seleniumwebdriver.Topic_05_Default_Dropdown@68be2bc2]" name="beforeClass" is-config="true" duration-ms="4529" started-at="2023-08-23T12:52:05Z" finished-at="2023-08-23T12:52:09Z">
          <reporter-output>
          </reporter-output>
        </test-method> <!-- beforeClass -->
        <test-method status="PASS" signature="TC_11_CustomDropdown()[pri:0, instance:seleniumwebdriver.Topic_05_Default_Dropdown@68be2bc2]" name="TC_11_CustomDropdown" duration-ms="15141" started-at="2023-08-23T12:52:09Z" finished-at="2023-08-23T12:52:24Z">
          <reporter-output>
          </reporter-output>
        </test-method> <!-- TC_11_CustomDropdown -->
        <test-method status="PASS" signature="afterClass()[pri:0, instance:seleniumwebdriver.Topic_05_Default_Dropdown@68be2bc2]" name="afterClass" is-config="true" duration-ms="135" started-at="2023-08-23T12:52:24Z" finished-at="2023-08-23T12:52:25Z">
          <reporter-output>
          </reporter-output>
        </test-method> <!-- afterClass -->
      </class> <!-- seleniumwebdriver.Topic_05_Default_Dropdown -->
    </test> <!-- Default test -->
  </suite> <!-- Default suite -->
</testng-results>
